Bestpay_AA/proguard.cfg
-optimizationpasses 5 
-dontusemixedcaseclassnames 
-dontskipnonpubliclibraryclasses
-dontskipnonpubliclibraryclassmembers 
-dontpreverify 
-verbose 
-optimizations !code/simplification/arithmetic,!field/*,!class/merging/* 
-keep public class * extends android.app.Activity 
-keep public class * extends android.app.Application 
-keep public class * extends android.app.Service 
-keep public class * extends android.content.BroadcastReceiver 
-keep public class * extends android.content.ContentProvider 
-keep public class com.android.vending.licensing.ILicensingService 
-keepclasseswithmembernames class * { 
native <methods>; 
} 
-keepclasseswithmembernames class * { 
public <init>(android.content.Context, android.util.AttributeSet); 
} 
-keepclasseswithmembernames class * { 
public <init>(android.content.Context, android.util.AttributeSet, int); 
} 
-keepclassmembers enum * { 
public static **[] values(); 
public static ** valueOf(java.lang.String); 
} 
-keep class * implements android.os.Parcelable { 
public static final android.os.Parcelable$Creator *; 
} 
-dontwarn android.support.v4.**
-keep class android.support.v4.** { *; } 
-dontwarn com.huateng.**

-dontwarn demo.**
-keep class demo.** {*;}

-dontwarn net.sourceforge.pinyin4j.**
-keep class net.sourceforge.pinyin4j.** {*;}

-dontwarn com.hp.hpl.sparta.xpath.**
-keep class com.hp.hpl.sparta.xpath.** {*;}

-dontwarn net.sourceforge.pinyin4j.format.**
-keep class net.sourceforge.pinyin4j.format.** {*;}

-dontwarn com.hp.hpl.sparta.**
-keep class com.hp.hpl.sparta.** {*;}

-dontwarn net.sourceforge.pinyin4j.format.exception.**
-keep class net.sourceforge.pinyin4j.format.exception.** {*;}

-libraryjars   libs/gson-2.2.4.jar
-libraryjars   libs/pinyin4j-2.5.0.jar
-libraryjars   libs/contacts.jar
