Bestpay_AA/proguard/seeds.txt
net.sourceforge.pinyin4j.PinyinRomanizationResource$PinyinRomanizationSystemResourceHolder
net.sourceforge.pinyin4j.PinyinRomanizationResource$PinyinRomanizationSystemResourceHolder: net.sourceforge.pinyin4j.PinyinRomanizationResource theInstance
net.sourceforge.pinyin4j.PinyinRomanizationResource$PinyinRomanizationSystemResourceHolder: PinyinRomanizationResource$PinyinRomanizationSystemResourceHolder()
net.sourceforge.pinyin4j.PinyinRomanizationResource$PinyinRomanizationSystemResourceHolder: void <clinit>()
net.sourceforge.pinyin4j.PinyinRomanizationTranslator
net.sourceforge.pinyin4j.PinyinRomanizationTranslator: PinyinRomanizationTranslator()
net.sourceforge.pinyin4j.PinyinRomanizationTranslator: java.lang.String convertRomanizationSystem(java.lang.String,net.sourceforge.pinyin4j.PinyinRomanizationType,net.sourceforge.pinyin4j.PinyinRomanizationType)
net.sourceforge.pinyin4j.PinyinRomanizationType
net.sourceforge.pinyin4j.PinyinRomanizationType: net.sourceforge.pinyin4j.PinyinRomanizationType HANYU_PINYIN
net.sourceforge.pinyin4j.PinyinRomanizationType: net.sourceforge.pinyin4j.PinyinRomanizationType WADEGILES_PINYIN
net.sourceforge.pinyin4j.PinyinRomanizationType: net.sourceforge.pinyin4j.PinyinRomanizationType MPS2_PINYIN
net.sourceforge.pinyin4j.PinyinRomanizationType: net.sourceforge.pinyin4j.PinyinRomanizationType YALE_PINYIN
net.sourceforge.pinyin4j.PinyinRomanizationType: net.sourceforge.pinyin4j.PinyinRomanizationType TONGYONG_PINYIN
net.sourceforge.pinyin4j.PinyinRomanizationType: net.sourceforge.pinyin4j.PinyinRomanizationType GWOYEU_ROMATZYH
net.sourceforge.pinyin4j.PinyinRomanizationType: java.lang.String tagName
net.sourceforge.pinyin4j.PinyinRomanizationType: PinyinRomanizationType(java.lang.String)
net.sourceforge.pinyin4j.PinyinRomanizationType: java.lang.String getTagName()
net.sourceforge.pinyin4j.PinyinRomanizationType: void setTagName(java.lang.String)
net.sourceforge.pinyin4j.PinyinRomanizationType: void <clinit>()
net.sourceforge.pinyin4j.ResourceHelper
net.sourceforge.pinyin4j.ResourceHelper: java.lang.Class class$net$sourceforge$pinyin4j$ResourceHelper
net.sourceforge.pinyin4j.ResourceHelper: ResourceHelper()
net.sourceforge.pinyin4j.ResourceHelper: java.io.BufferedInputStream getResourceInputStream(java.lang.String)
net.sourceforge.pinyin4j.ResourceHelper: java.lang.Class class$(java.lang.String)
net.sourceforge.pinyin4j.TextHelper
net.sourceforge.pinyin4j.TextHelper: TextHelper()
net.sourceforge.pinyin4j.TextHelper: java.lang.String extractToneNumber(java.lang.String)
net.sourceforge.pinyin4j.TextHelper: java.lang.String extractPinyinString(java.lang.String)
net.sourceforge.pinyin4j.format.HanyuPinyinCaseType
net.sourceforge.pinyin4j.format.HanyuPinyinCaseType: net.sourceforge.pinyin4j.format.HanyuPinyinCaseType UPPERCASE
net.sourceforge.pinyin4j.format.HanyuPinyinCaseType: net.sourceforge.pinyin4j.format.HanyuPinyinCaseType LOWERCASE
net.sourceforge.pinyin4j.format.HanyuPinyinCaseType: java.lang.String name
net.sourceforge.pinyin4j.format.HanyuPinyinCaseType: java.lang.String getName()
net.sourceforge.pinyin4j.format.HanyuPinyinCaseType: void setName(java.lang.String)
net.sourceforge.pinyin4j.format.HanyuPinyinCaseType: HanyuPinyinCaseType(java.lang.String)
net.sourceforge.pinyin4j.format.HanyuPinyinCaseType: void <clinit>()