Bestpay_AA/proguard/mapping.txt
com.google.gson.internal.ConstructorConstructor$5 -> com.b.a.b.n:
    java.lang.reflect.Type val$type -> a
    com.google.gson.internal.ConstructorConstructor this$0 -> b
com.google.gson.internal.ConstructorConstructor$6 -> com.b.a.b.o:
    com.google.gson.internal.ConstructorConstructor this$0 -> a
com.google.gson.internal.ConstructorConstructor$7 -> com.b.a.b.p:
    com.google.gson.internal.ConstructorConstructor this$0 -> a
com.google.gson.internal.ConstructorConstructor$8 -> com.b.a.b.q:
    com.google.gson.internal.ConstructorConstructor this$0 -> a
com.google.gson.internal.ConstructorConstructor$9 -> com.b.a.b.r:
    com.google.gson.internal.ConstructorConstructor this$0 -> a
com.google.gson.internal.Excluder -> com.b.a.b.s:
    com.google.gson.internal.Excluder DEFAULT -> a
    double version -> b
    int modifiers -> c
    boolean serializeInnerClasses -> d
    boolean requireExpose -> e
    java.util.List serializationStrategies -> f
    java.util.List deserializationStrategies -> g
    com.google.gson.internal.Excluder clone() -> a
    com.google.gson.TypeAdapter create(com.google.gson.Gson,com.google.gson.reflect.TypeToken) -> a
    boolean excludeField(java.lang.reflect.Field,boolean) -> a
    boolean excludeClass(java.lang.Class,boolean) -> a
    boolean isAnonymousOrLocal(java.lang.Class) -> a
    boolean isInnerClass(java.lang.Class) -> b
    boolean isStatic(java.lang.Class) -> c
    boolean isValidVersion(com.google.gson.annotations.Since,com.google.gson.annotations.Until) -> a
    boolean isValidSince(com.google.gson.annotations.Since) -> a
    boolean isValidUntil(com.google.gson.annotations.Until) -> a
    java.lang.Object clone() -> clone
com.google.gson.internal.Excluder$1 -> com.b.a.b.t:
    com.google.gson.TypeAdapter delegate -> f
    boolean val$skipDeserialize -> a
    boolean val$skipSerialize -> b
    com.google.gson.Gson val$gson -> c
    com.google.gson.reflect.TypeToken val$type -> d
    com.google.gson.internal.Excluder this$0 -> e
    void write(com.google.gson.stream.JsonWriter,java.lang.Object) -> a
    com.google.gson.TypeAdapter delegate() -> a
com.google.gson.internal.LazilyParsedNumber -> com.b.a.b.u:
    java.lang.String value -> a
    int intValue() -> intValue
    long longValue() -> longValue
    float floatValue() -> floatValue
    double doubleValue() -> doubleValue
    java.lang.String toString() -> toString
com.google.gson.internal.LinkedTreeMap -> com.b.a.b.v:
    java.util.Comparator NATURAL_ORDER -> g
    java.util.Comparator comparator -> a
    com.google.gson.internal.LinkedTreeMap$Node root -> b
    int size -> c
    int modCount -> d
    com.google.gson.internal.LinkedTreeMap$Node header -> e
    com.google.gson.internal.LinkedTreeMap$EntrySet entrySet -> h
    com.google.gson.internal.LinkedTreeMap$KeySet keySet -> i
    boolean $assertionsDisabled -> f
    int size() -> size
    java.lang.Object get(java.lang.Object) -> get
    boolean containsKey(java.lang.Object) -> containsKey
    java.lang.Object put(java.lang.Object,java.lang.Object) -> put
    void clear() -> clear
    java.lang.Object remove(java.lang.Object) -> remove
    com.google.gson.internal.LinkedTreeMap$Node find(java.lang.Object,boolean) -> a
    com.google.gson.internal.LinkedTreeMap$Node findByObject(java.lang.Object) -> a
    com.google.gson.internal.LinkedTreeMap$Node findByEntry(java.util.Map$Entry) -> a
    boolean equal(java.lang.Object,java.lang.Object) -> a
    void removeInternal(com.google.gson.internal.LinkedTreeMap$Node,boolean) -> a
    com.google.gson.internal.LinkedTreeMap$Node removeInternalByKey(java.lang.Object) -> b
    void replaceInParent(com.google.gson.internal.LinkedTreeMap$Node,com.google.gson.internal.LinkedTreeMap$Node) -> a
    void rebalance(com.google.gson.internal.LinkedTreeMap$Node,boolean) -> b