Bestpay_AA/proguard/usage.txt
com.google.gson.internal.bind.JsonTreeReader$1
com.google.gson.internal.bind.JsonTreeWriter:
    163:167:public com.google.gson.stream.JsonWriter value(double)
com.google.gson.internal.bind.MapTypeAdapterFactory$Adapter:
    161:195:public java.util.Map read(com.google.gson.stream.JsonReader)
    145:145:public bridge synthetic java.lang.Object read(com.google.gson.stream.JsonReader)
com.google.gson.internal.bind.ObjectTypeAdapter:
    55:89:public java.lang.Object read(com.google.gson.stream.JsonReader)
com.google.gson.internal.bind.ObjectTypeAdapter$2
com.google.gson.internal.bind.ReflectiveTypeAdapterFactory$1:
    93:97:void read(com.google.gson.stream.JsonReader,java.lang.Object)
com.google.gson.internal.bind.ReflectiveTypeAdapterFactory$Adapter:
    157:181:public java.lang.Object read(com.google.gson.stream.JsonReader)
com.google.gson.internal.bind.ReflectiveTypeAdapterFactory$BoundField:
    abstract void read(com.google.gson.stream.JsonReader,java.lang.Object)
com.google.gson.internal.bind.SqlDateTypeAdapter:
    51:59:public synchronized java.sql.Date read(com.google.gson.stream.JsonReader)
    38:38:public bridge synthetic java.lang.Object read(com.google.gson.stream.JsonReader)
com.google.gson.internal.bind.TimeTypeAdapter:
    51:59:public synchronized java.sql.Time read(com.google.gson.stream.JsonReader)
    40:40:public bridge synthetic java.lang.Object read(com.google.gson.stream.JsonReader)
com.google.gson.internal.bind.TypeAdapterRuntimeTypeWrapper:
    40:40:public java.lang.Object read(com.google.gson.stream.JsonReader)
com.google.gson.internal.bind.TypeAdapters:
    58:58:private TypeAdapters()
    769:769:public static com.google.gson.TypeAdapterFactory newFactory(com.google.gson.reflect.TypeToken,com.google.gson.TypeAdapter)
com.google.gson.internal.bind.TypeAdapters$1:
    73:77:public java.lang.Class read(com.google.gson.stream.JsonReader)
    61:61:public bridge synthetic java.lang.Object read(com.google.gson.stream.JsonReader)
com.google.gson.internal.bind.TypeAdapters$10:
    290:294:public java.lang.Number read(com.google.gson.stream.JsonReader)
    287:287:public bridge synthetic java.lang.Object read(com.google.gson.stream.JsonReader)
com.google.gson.internal.bind.TypeAdapters$11:
    305:313:public java.lang.Number read(com.google.gson.stream.JsonReader)
    302:302:public bridge synthetic java.lang.Object read(com.google.gson.stream.JsonReader)
com.google.gson.internal.bind.TypeAdapters$12:
    327:335:public java.lang.Character read(com.google.gson.stream.JsonReader)
    324:324:public bridge synthetic java.lang.Object read(com.google.gson.stream.JsonReader)
com.google.gson.internal.bind.TypeAdapters$13:
    349:358:public java.lang.String read(com.google.gson.stream.JsonReader)
    346:346:public bridge synthetic java.lang.Object read(com.google.gson.stream.JsonReader)
com.google.gson.internal.bind.TypeAdapters$14:
    368:375:public java.math.BigDecimal read(com.google.gson.stream.JsonReader)
    366:366:public bridge synthetic java.lang.Object read(com.google.gson.stream.JsonReader)
com.google.gson.internal.bind.TypeAdapters$15:
    386:393:public java.math.BigInteger read(com.google.gson.stream.JsonReader)
    384:384:public bridge synthetic java.lang.Object read(com.google.gson.stream.JsonReader)
com.google.gson.internal.bind.TypeAdapters$16:
    407:411:public java.lang.StringBuilder read(com.google.gson.stream.JsonReader)
    404:404:public bridge synthetic java.lang.Object read(com.google.gson.stream.JsonReader)
com.google.gson.internal.bind.TypeAdapters$17:
    425:429:public java.lang.StringBuffer read(com.google.gson.stream.JsonReader)
    422:422:public bridge synthetic java.lang.Object read(com.google.gson.stream.JsonReader)